1690877867508|0|statement|connection 999|url jdbc:h2:mem:499fc1c3-c337-42e6-bfeb-675c15dd3694|drop table if exists consumption cascade |drop table if exists consumption cascade 
1690877867508|0|statement|connection 999|url jdbc:h2:mem:499fc1c3-c337-42e6-bfeb-675c15dd3694|drop table if exists member cascade |drop table if exists member cascade 
1690877867508|0|statement|connection 999|url jdbc:h2:mem:499fc1c3-c337-42e6-bfeb-675c15dd3694|drop table if exists post cascade |drop table if exists post cascade 
1690877867508|0|statement|connection 999|url jdbc:h2:mem:499fc1c3-c337-42e6-bfeb-675c15dd3694|drop table if exists post_image_info cascade |drop table if exists post_image_info cascade 
1690877867508|0|statement|connection 999|url jdbc:h2:mem:499fc1c3-c337-42e6-bfeb-675c15dd3694|drop table if exists profile_image_info cascade |drop table if exists profile_image_info cascade 
1690877867509|0|statement|connection 999|url jdbc:h2:mem:499fc1c3-c337-42e6-bfeb-675c15dd3694|drop table if exists thumbs cascade |drop table if exists thumbs cascade 
1690877867512|0|statement|connection 1000|url jdbc:h2:mem:cbf548eb-d5db-4fb0-9c24-e28dd7e4fd89|drop table if exists consumption cascade |drop table if exists consumption cascade 
1690877867512|0|statement|connection 1000|url jdbc:h2:mem:cbf548eb-d5db-4fb0-9c24-e28dd7e4fd89|drop table if exists member cascade |drop table if exists member cascade 
1690877867512|0|statement|connection 1000|url jdbc:h2:mem:cbf548eb-d5db-4fb0-9c24-e28dd7e4fd89|drop table if exists post cascade |drop table if exists post cascade 
1690877867512|0|statement|connection 1000|url jdbc:h2:mem:cbf548eb-d5db-4fb0-9c24-e28dd7e4fd89|drop table if exists post_image_info cascade |drop table if exists post_image_info cascade 
1690877867512|0|statement|connection 1000|url jdbc:h2:mem:cbf548eb-d5db-4fb0-9c24-e28dd7e4fd89|drop table if exists profile_image_info cascade |drop table if exists profile_image_info cascade 
1690877867512|0|statement|connection 1000|url jdbc:h2:mem:cbf548eb-d5db-4fb0-9c24-e28dd7e4fd89|drop table if exists thumbs cascade |drop table if exists thumbs cascade 
1690877867513|0|statement|connection 1001|url jdbc:h2:mem:265fbd39-9f2e-4e4b-8c48-8a00adaba719|drop table if exists consumption cascade |drop table if exists consumption cascade 
1690877867513|0|statement|connection 1001|url jdbc:h2:mem:265fbd39-9f2e-4e4b-8c48-8a00adaba719|drop table if exists member cascade |drop table if exists member cascade 
1690877867513|0|statement|connection 1001|url jdbc:h2:mem:265fbd39-9f2e-4e4b-8c48-8a00adaba719|drop table if exists post cascade |drop table if exists post cascade 
1690877867513|0|statement|connection 1001|url jdbc:h2:mem:265fbd39-9f2e-4e4b-8c48-8a00adaba719|drop table if exists post_image_info cascade |drop table if exists post_image_info cascade 
1690877867513|0|statement|connection 1001|url jdbc:h2:mem:265fbd39-9f2e-4e4b-8c48-8a00adaba719|drop table if exists profile_image_info cascade |drop table if exists profile_image_info cascade 
1690877867513|0|statement|connection 1001|url jdbc:h2:mem:265fbd39-9f2e-4e4b-8c48-8a00adaba719|drop table if exists thumbs cascade |drop table if exists thumbs cascade 
1690877867515|0|statement|connection 1002|url jdbc:h2:mem:f58546d0-5692-4727-8210-e6e15e09ba61|drop table if exists consumption cascade |drop table if exists consumption cascade 
1690877867515|0|statement|connection 1002|url jdbc:h2:mem:f58546d0-5692-4727-8210-e6e15e09ba61|drop table if exists member cascade |drop table if exists member cascade 
1690877867515|0|statement|connection 1002|url jdbc:h2:mem:f58546d0-5692-4727-8210-e6e15e09ba61|drop table if exists post cascade |drop table if exists post cascade 
1690877867515|0|statement|connection 1002|url jdbc:h2:mem:f58546d0-5692-4727-8210-e6e15e09ba61|drop table if exists post_image_info cascade |drop table if exists post_image_info cascade 
1690877867515|0|statement|connection 1002|url jdbc:h2:mem:f58546d0-5692-4727-8210-e6e15e09ba61|drop table if exists profile_image_info cascade |drop table if exists profile_image_info cascade 
1690877867515|0|statement|connection 1002|url jdbc:h2:mem:f58546d0-5692-4727-8210-e6e15e09ba61|drop table if exists thumbs cascade |drop table if exists thumbs cascade 
1690878427083|0|statement|connection 999|url jdbc:h2:mem:bcdfab81-b1c0-470b-a0d1-ce401d7d678e|drop table if exists consumption cascade |drop table if exists consumption cascade 
1690878427083|0|statement|connection 999|url jdbc:h2:mem:bcdfab81-b1c0-470b-a0d1-ce401d7d678e|drop table if exists member cascade |drop table if exists member cascade 
1690878427083|0|statement|connection 999|url jdbc:h2:mem:bcdfab81-b1c0-470b-a0d1-ce401d7d678e|drop table if exists post cascade |drop table if exists post cascade 
1690878427083|0|statement|connection 999|url jdbc:h2:mem:bcdfab81-b1c0-470b-a0d1-ce401d7d678e|drop table if exists post_image_info cascade |drop table if exists post_image_info cascade 
1690878427083|0|statement|connection 999|url jdbc:h2:mem:bcdfab81-b1c0-470b-a0d1-ce401d7d678e|drop table if exists profile_image_info cascade |drop table if exists profile_image_info cascade 
1690878427083|0|statement|connection 999|url jdbc:h2:mem:bcdfab81-b1c0-470b-a0d1-ce401d7d678e|drop table if exists thumbs cascade |drop table if exists thumbs cascade 
1690878427086|0|statement|connection 1000|url jdbc:h2:mem:0f688f53-966f-4f68-9218-edfaad926561|drop table if exists consumption cascade |drop table if exists consumption cascade 
1690878427086|0|statement|connection 1000|url jdbc:h2:mem:0f688f53-966f-4f68-9218-edfaad926561|drop table if exists member cascade |drop table if exists member cascade 
1690878427086|0|statement|connection 1000|url jdbc:h2:mem:0f688f53-966f-4f68-9218-edfaad926561|drop table if exists post cascade |drop table if exists post cascade 
1690878427086|0|statement|connection 1000|url jdbc:h2:mem:0f688f53-966f-4f68-9218-edfaad926561|drop table if exists post_image_info cascade |drop table if exists post_image_info cascade 
1690878427086|0|statement|connection 1000|url jdbc:h2:mem:0f688f53-966f-4f68-9218-edfaad926561|drop table if exists profile_image_info cascade |drop table if exists profile_image_info cascade 
1690878427086|0|statement|connection 1000|url jdbc:h2:mem:0f688f53-966f-4f68-9218-edfaad926561|drop table if exists thumbs cascade |drop table if exists thumbs cascade 
1690878427087|0|statement|connection 1001|url jdbc:h2:mem:6108e6e8-122d-46dc-95bf-c27cf18b32fe|drop table if exists consumption cascade |drop table if exists consumption cascade 
1690878427087|0|statement|connection 1001|url jdbc:h2:mem:6108e6e8-122d-46dc-95bf-c27cf18b32fe|drop table if exists member cascade |drop table if exists member cascade 
1690878427087|0|statement|connection 1001|url jdbc:h2:mem:6108e6e8-122d-46dc-95bf-c27cf18b32fe|drop table if exists post cascade |drop table if exists post cascade 
1690878427087|0|statement|connection 1001|url jdbc:h2:mem:6108e6e8-122d-46dc-95bf-c27cf18b32fe|drop table if exists post_image_info cascade |drop table if exists post_image_info cascade 
1690878427087|0|statement|connection 1001|url jdbc:h2:mem:6108e6e8-122d-46dc-95bf-c27cf18b32fe|drop table if exists profile_image_info cascade |drop table if exists profile_image_info cascade 
1690878427087|0|statement|connection 1001|url jdbc:h2:mem:6108e6e8-122d-46dc-95bf-c27cf18b32fe|drop table if exists thumbs cascade |drop table if exists thumbs cascade 
1690878427090|0|statement|connection 1002|url jdbc:h2:mem:71868ad0-88d5-4046-82b0-743b0ef7b67b|drop table if exists consumption cascade |drop table if exists consumption cascade 
1690878427090|0|statement|connection 1002|url jdbc:h2:mem:71868ad0-88d5-4046-82b0-743b0ef7b67b|drop table if exists member cascade |drop table if exists member cascade 
1690878427090|0|statement|connection 1002|url jdbc:h2:mem:71868ad0-88d5-4046-82b0-743b0ef7b67b|drop table if exists post cascade |drop table if exists post cascade 
1690878427090|0|statement|connection 1002|url jdbc:h2:mem:71868ad0-88d5-4046-82b0-743b0ef7b67b|drop table if exists post_image_info cascade |drop table if exists post_image_info cascade 
1690878427090|0|statement|connection 1002|url jdbc:h2:mem:71868ad0-88d5-4046-82b0-743b0ef7b67b|drop table if exists profile_image_info cascade |drop table if exists profile_image_info cascade 
1690878427090|0|statement|connection 1002|url jdbc:h2:mem:71868ad0-88d5-4046-82b0-743b0ef7b67b|drop table if exists thumbs cascade |drop table if exists thumbs cascade 
1690878719538|0|statement|connection 1010|url jdbc:h2:mem:12fafe55-1931-43d7-9ea2-2de58cd159a4|drop table if exists consumption cascade |drop table if exists consumption cascade 
1690878719538|0|statement|connection 1010|url jdbc:h2:mem:12fafe55-1931-43d7-9ea2-2de58cd159a4|drop table if exists member cascade |drop table if exists member cascade 
1690878719538|0|statement|connection 1010|url jdbc:h2:mem:12fafe55-1931-43d7-9ea2-2de58cd159a4|drop table if exists post cascade |drop table if exists post cascade 
1690878719538|0|statement|connection 1010|url jdbc:h2:mem:12fafe55-1931-43d7-9ea2-2de58cd159a4|drop table if exists post_image_info cascade |drop table if exists post_image_info cascade 
1690878719538|0|statement|connection 1010|url jdbc:h2:mem:12fafe55-1931-43d7-9ea2-2de58cd159a4|drop table if exists profile_image_info cascade |drop table if exists profile_image_info cascade 
1690878719538|0|statement|connection 1010|url jdbc:h2:mem:12fafe55-1931-43d7-9ea2-2de58cd159a4|drop table if exists thumbs cascade |drop table if exists thumbs cascade 
1690878719541|0|statement|connection 1011|url jdbc:h2:mem:2be5b703-47c5-46f9-8668-008414943d23|drop table if exists consumption cascade |drop table if exists consumption cascade 
1690878719541|0|statement|connection 1011|url jdbc:h2:mem:2be5b703-47c5-46f9-8668-008414943d23|drop table if exists member cascade |drop table if exists member cascade 
1690878719541|0|statement|connection 1011|url jdbc:h2:mem:2be5b703-47c5-46f9-8668-008414943d23|drop table if exists post cascade |drop table if exists post cascade 
1690878719541|0|statement|connection 1011|url jdbc:h2:mem:2be5b703-47c5-46f9-8668-008414943d23|drop table if exists post_image_info cascade |drop table if exists post_image_info cascade 
1690878719541|0|statement|connection 1011|url jdbc:h2:mem:2be5b703-47c5-46f9-8668-008414943d23|drop table if exists profile_image_info cascade |drop table if exists profile_image_info cascade 
1690878719541|0|statement|connection 1011|url jdbc:h2:mem:2be5b703-47c5-46f9-8668-008414943d23|drop table if exists thumbs cascade |drop table if exists thumbs cascade 
1690878719542|0|statement|connection 1012|url jdbc:h2:mem:515ac8c7-61d5-4fca-9a55-2a4623875efa|drop table if exists consumption cascade |drop table if exists consumption cascade 
1690878719542|0|statement|connection 1012|url jdbc:h2:mem:515ac8c7-61d5-4fca-9a55-2a4623875efa|drop table if exists member cascade |drop table if exists member cascade 
1690878719542|0|statement|connection 1012|url jdbc:h2:mem:515ac8c7-61d5-4fca-9a55-2a4623875efa|drop table if exists post cascade |drop table if exists post cascade 
1690878719543|0|statement|connection 1012|url jdbc:h2:mem:515ac8c7-61d5-4fca-9a55-2a4623875efa|drop table if exists post_image_info cascade |drop table if exists post_image_info cascade 
1690878719543|0|statement|connection 1012|url jdbc:h2:mem:515ac8c7-61d5-4fca-9a55-2a4623875efa|drop table if exists profile_image_info cascade |drop table if exists profile_image_info cascade 
1690878719543|0|statement|connection 1012|url jdbc:h2:mem:515ac8c7-61d5-4fca-9a55-2a4623875efa|drop table if exists thumbs cascade |drop table if exists thumbs cascade 
1690878719545|0|statement|connection 1013|url jdbc:h2:mem:2cf6680f-1963-44e6-b2d6-24b68b0ff4a6|drop table if exists consumption cascade |drop table if exists consumption cascade 
1690878719545|0|statement|connection 1013|url jdbc:h2:mem:2cf6680f-1963-44e6-b2d6-24b68b0ff4a6|drop table if exists member cascade |drop table if exists member cascade 
1690878719545|0|statement|connection 1013|url jdbc:h2:mem:2cf6680f-1963-44e6-b2d6-24b68b0ff4a6|drop table if exists post cascade |drop table if exists post cascade 
1690878719545|0|statement|connection 1013|url jdbc:h2:mem:2cf6680f-1963-44e6-b2d6-24b68b0ff4a6|drop table if exists post_image_info cascade |drop table if exists post_image_info cascade 
1690878719545|0|statement|connection 1013|url jdbc:h2:mem:2cf6680f-1963-44e6-b2d6-24b68b0ff4a6|drop table if exists profile_image_info cascade |drop table if exists profile_image_info cascade 
1690878719545|0|statement|connection 1013|url jdbc:h2:mem:2cf6680f-1963-44e6-b2d6-24b68b0ff4a6|drop table if exists thumbs cascade |drop table if exists thumbs cascade 
